================================================================================
  🚀 ROBUST 100-EPOCH TRAINING - MRI→CT Translation
================================================================================

✅ Resuming from epoch 16
   Best val loss so far: 0.018220
📊 Starting training from epoch 17 to 100

Epoch  17/100 [████████░░░░░░░░░░░░░░░░░░░░░░░░░░░░░░░░░░░░░░░░░░]  17.0%
  Loss: Train=0.009618, Val=0.015540, LR=9.52e-05
  Stats: Improve=  96.2%, Time=55s, ETA=76m
  ✅ BEST MODEL SAVED!

Epoch  18/100 [█████████░░░░░░░░░░░░░░░░░░░░░░░░░░░░░░░░░░░░░░░░░]  18.0%
  Loss: Train=0.007255, Val=0.013423, LR=9.52e-05
  Stats: Improve=  96.7%, Time=55s, ETA=75m
  ✅ BEST MODEL SAVED!

Epoch  19/100 [█████████░░░░░░░░░░░░░░░░░░░░░░░░░░░░░░░░░░░░░░░░░]  19.0%
  Loss: Train=0.005977, Val=0.013240, LR=9.51e-05
  Stats: Improve=  96.8%, Time=57s, ETA=75m
  ✅ BEST MODEL SAVED!

Epoch  20/100 [██████████░░░░░░░░░░░░░░░░░░░░░░░░░░░░░░░░░░░░░░░░]  20.0%
  Loss: Train=0.004591, Val=0.012495, LR=9.50e-05
  Stats: Improve=  96.9%, Time=56s, ETA=74m
  ✅ BEST MODEL SAVED!
  💾 Checkpoint saved

Epoch  21/100 [██████████░░░░░░░░░░░░░░░░░░░░░░░░░░░░░░░░░░░░░░░░]  21.0%
  Loss: Train=0.003943, Val=0.010078, LR=9.48e-05
  Stats: Improve=  97.5%, Time=56s, ETA=73m
  ✅ BEST MODEL SAVED!

Epoch  22/100 [███████████░░░░░░░░░░░░░░░░░░░░░░░░░░░░░░░░░░░░░░░]  22.0%
  Loss: Train=0.003371, Val=0.010269, LR=9.46e-05
  Stats: Improve=  97.5%, Time=58s, ETA=73m

Epoch  23/100 [███████████░░░░░░░░░░░░░░░░░░░░░░░░░░░░░░░░░░░░░░░]  23.0%
  Loss: Train=0.002776, Val=0.009227, LR=9.44e-05
  Stats: Improve=  97.7%, Time=59s, ETA=72m
  ✅ BEST MODEL SAVED!

Epoch  24/100 [████████████░░░░░░░░░░░░░░░░░░░░░░░░░░░░░░░░░░░░░░]  24.0%
  Loss: Train=0.002483, Val=0.009517, LR=9.41e-05
  Stats: Improve=  97.7%, Time=59s, ETA=72m

Epoch  25/100 [████████████░░░░░░░░░░░░░░░░░░░░░░░░░░░░░░░░░░░░░░]  25.0%
  Loss: Train=0.002296, Val=0.009473, LR=9.37e-05
  Stats: Improve=  97.7%, Time=59s, ETA=71m

Epoch  26/100 [█████████████░░░░░░░░░░░░░░░░░░░░░░░░░░░░░░░░░░░░░]  26.0%
  Loss: Train=0.002314, Val=0.008968, LR=9.33e-05
  Stats: Improve=  97.8%, Time=59s, ETA=71m
  ✅ BEST MODEL SAVED!

Epoch  27/100 [█████████████░░░░░░░░░░░░░░░░░░░░░░░░░░░░░░░░░░░░░]  27.0%
  Loss: Train=0.002112, Val=0.008844, LR=9.29e-05
  Stats: Improve=  97.8%, Time=59s, ETA=70m
  ✅ BEST MODEL SAVED!

Epoch  28/100 [██████████████░░░░░░░░░░░░░░░░░░░░░░░░░░░░░░░░░░░░]  28.0%
  Loss: Train=0.001881, Val=0.009006, LR=9.24e-05
  Stats: Improve=  97.8%, Time=60s, ETA=70m

Epoch  29/100 [██████████████░░░░░░░░░░░░░░░░░░░░░░░░░░░░░░░░░░░░]  29.0%
  Loss: Train=0.001818, Val=0.008857, LR=9.19e-05
  Stats: Improve=  97.8%, Time=62s, ETA=70m

Epoch  30/100 [███████████████░░░░░░░░░░░░░░░░░░░░░░░░░░░░░░░░░░░]  30.0%
  Loss: Train=0.001622, Val=0.009711, LR=9.13e-05
  Stats: Improve=  97.6%, Time=63s, ETA=69m
  💾 Checkpoint saved

Epoch  31/100 [███████████████░░░░░░░░░░░░░░░░░░░░░░░░░░░░░░░░░░░]  31.0%
  Loss: Train=0.001553, Val=0.010942, LR=9.07e-05
  Stats: Improve=  97.3%, Time=72s, ETA=70m

Epoch  32/100 [████████████████░░░░░░░░░░░░░░░░░░░░░░░░░░░░░░░░░░]  32.0%
  Loss: Train=0.001466, Val=0.008970, LR=9.01e-05
  Stats: Improve=  97.8%, Time=73s, ETA=71m

Epoch  33/100 [████████████████░░░░░░░░░░░░░░░░░░░░░░░░░░░░░░░░░░]  33.0%
  Loss: Train=0.001470, Val=0.009040, LR=8.94e-05
  Stats: Improve=  97.8%, Time=73s, ETA=72m

Epoch  34/100 [█████████████████░░░░░░░░░░░░░░░░░░░░░░░░░░░░░░░░░]  34.0%
  Loss: Train=0.001384, Val=0.008703, LR=8.86e-05
  Stats: Improve=  97.9%, Time=71s, ETA=72m
  ✅ BEST MODEL SAVED!

Epoch  35/100 [█████████████████░░░░░░░░░░░░░░░░░░░░░░░░░░░░░░░░░]  35.0%
  Loss: Train=0.001292, Val=0.008303, LR=8.79e-05
  Stats: Improve=  98.0%, Time=66s, ETA=72m
  ✅ BEST MODEL SAVED!

Epoch  36/100 [██████████████████░░░░░░░░░░░░░░░░░░░░░░░░░░░░░░░░]  36.0%
  Loss: Train=0.001268, Val=0.008381, LR=8.71e-05
  Stats: Improve=  98.0%, Time=71s, ETA=72m

Epoch  37/100 [██████████████████░░░░░░░░░░░░░░░░░░░░░░░░░░░░░░░░]  37.0%
  Loss: Train=0.001234, Val=0.010689, LR=8.62e-05
  Stats: Improve=  97.4%, Time=69s, ETA=72m

Epoch  38/100 [███████████████████░░░░░░░░░░░░░░░░░░░░░░░░░░░░░░░]  38.0%
  Loss: Train=0.001191, Val=0.010391, LR=8.53e-05
  Stats: Improve=  97.5%, Time=70s, ETA=72m

Epoch  39/100 [███████████████████░░░░░░░░░░░░░░░░░░░░░░░░░░░░░░░]  39.0%
  Loss: Train=0.001383, Val=0.009475, LR=8.44e-05
  Stats: Improve=  97.7%, Time=75s, ETA=72m

Epoch  40/100 [████████████████████░░░░░░░░░░░░░░░░░░░░░░░░░░░░░░]  40.0%
  Loss: Train=0.001165, Val=0.008879, LR=8.34e-05
  Stats: Improve=  97.8%, Time=69s, ETA=71m
  💾 Checkpoint saved

Epoch  41/100 [████████████████████░░░░░░░░░░░░░░░░░░░░░░░░░░░░░░]  41.0%
  Loss: Train=0.001193, Val=0.010305, LR=8.24e-05
  Stats: Improve=  97.5%, Time=71s, ETA=70m

Epoch  42/100 [█████████████████████░░░░░░░░░░░░░░░░░░░░░░░░░░░░░]  42.0%
  Loss: Train=0.001070, Val=0.008426, LR=8.14e-05
  Stats: Improve=  97.9%, Time=72s, ETA=68m

Epoch  43/100 [█████████████████████░░░░░░░░░░░░░░░░░░░░░░░░░░░░░]  43.0%
  Loss: Train=0.001042, Val=0.008109, LR=8.03e-05
  Stats: Improve=  98.0%, Time=77s, ETA=68m
  ✅ BEST MODEL SAVED!

Epoch  44/100 [██████████████████████░░░░░░░░░░░░░░░░░░░░░░░░░░░░]  44.0%
  Loss: Train=0.000995, Val=0.008624, LR=7.92e-05
  Stats: Improve=  97.9%, Time=78s, ETA=67m

Epoch  45/100 [██████████████████████░░░░░░░░░░░░░░░░░░░░░░░░░░░░]  45.0%
  Loss: Train=0.000975, Val=0.010460, LR=7.81e-05
  Stats: Improve=  97.4%, Time=75s, ETA=67m

Epoch  46/100 [███████████████████████░░░░░░░░░░░░░░░░░░░░░░░░░░░]  46.0%
  Loss: Train=0.001007, Val=0.009222, LR=7.70e-05
  Stats: Improve=  97.7%, Time=75s, ETA=66m

Epoch  47/100 [███████████████████████░░░░░░░░░░░░░░░░░░░░░░░░░░░]  47.0%
  Loss: Train=0.000973, Val=0.007731, LR=7.58e-05
  Stats: Improve=  98.1%, Time=87s, ETA=66m
  ✅ BEST MODEL SAVED!

Epoch  48/100 [████████████████████████░░░░░░░░░░░░░░░░░░░░░░░░░░]  48.0%
  Loss: Train=0.000968, Val=0.007729, LR=7.46e-05
  Stats: Improve=  98.1%, Time=72s, ETA=65m
  ✅ BEST MODEL SAVED!

Epoch  49/100 [████████████████████████░░░░░░░░░░░░░░░░░░░░░░░░░░]  49.0%
  Loss: Train=0.000943, Val=0.009191, LR=7.33e-05
  Stats: Improve=  97.8%, Time=71s, ETA=64m

Epoch  50/100 [█████████████████████████░░░░░░░░░░░░░░░░░░░░░░░░░]  50.0%
  Loss: Train=0.000919, Val=0.009615, LR=7.21e-05
  Stats: Improve=  97.7%, Time=73s, ETA=63m
  💾 Checkpoint saved

Epoch  51/100 [█████████████████████████░░░░░░░░░░░░░░░░░░░░░░░░░]  51.0%
  Loss: Train=0.000883, Val=0.010121, LR=7.08e-05
  Stats: Improve=  97.5%, Time=72s, ETA=62m

Epoch  52/100 [██████████████████████████░░░░░░░░░░░░░░░░░░░░░░░░]  52.0%
  Loss: Train=0.000890, Val=0.008029, LR=6.95e-05
  Stats: Improve=  98.0%, Time=67s, ETA=60m

Epoch  53/100 [██████████████████████████░░░░░░░░░░░░░░░░░░░░░░░░]  53.0%
  Loss: Train=0.000854, Val=0.010454, LR=6.82e-05
  Stats: Improve=  97.4%, Time=55s, ETA=57m

Epoch  54/100 [███████████████████████████░░░░░░░░░░░░░░░░░░░░░░░]  54.0%
  Loss: Train=0.000850, Val=0.007898, LR=6.68e-05
  Stats: Improve=  98.1%, Time=45s, ETA=53m

Epoch  55/100 [███████████████████████████░░░░░░░░░░░░░░░░░░░░░░░]  55.0%
  Loss: Train=0.000818, Val=0.009424, LR=6.54e-05
  Stats: Improve=  97.7%, Time=45s, ETA=50m

Epoch  56/100 [████████████████████████████░░░░░░░░░░░░░░░░░░░░░░]  56.0%
  Loss: Train=0.000799, Val=0.008631, LR=6.41e-05
  Stats: Improve=  97.9%, Time=44s, ETA=46m

Epoch  57/100 [████████████████████████████░░░░░░░░░░░░░░░░░░░░░░]  57.0%
  Loss: Train=0.000799, Val=0.007781, LR=6.27e-05
  Stats: Improve=  98.1%, Time=45s, ETA=42m

Epoch  58/100 [████████████████████████████░░░░░░░░░░░░░░░░░░░░░░]  58.0%
  Loss: Train=0.000772, Val=0.009633, LR=6.12e-05
  Stats: Improve=  97.6%, Time=45s, ETA=39m

Epoch  59/100 [█████████████████████████████░░░░░░░░░░░░░░░░░░░░░]  59.0%
  Loss: Train=0.000769, Val=0.009160, LR=5.98e-05
  Stats: Improve=  97.8%, Time=45s, ETA=37m

Epoch  60/100 [██████████████████████████████░░░░░░░░░░░░░░░░░░░░]  60.0%
  Loss: Train=0.000769, Val=0.008069, LR=5.84e-05
  Stats: Improve=  98.0%, Time=47s, ETA=34m
  💾 Checkpoint saved

Epoch  61/100 [██████████████████████████████░░░░░░░░░░░░░░░░░░░░]  61.0%
  Loss: Train=0.000746, Val=0.007752, LR=5.69e-05
  Stats: Improve=  98.1%, Time=46s, ETA=31m

Epoch  62/100 [███████████████████████████████░░░░░░░░░░░░░░░░░░░]  62.0%
  Loss: Train=0.000758, Val=0.007673, LR=5.55e-05
  Stats: Improve=  98.1%, Time=46s, ETA=29m
  ✅ BEST MODEL SAVED!

Epoch  63/100 [███████████████████████████████░░░░░░░░░░░░░░░░░░░]  63.0%
  Loss: Train=0.000737, Val=0.008066, LR=5.40e-05
  Stats: Improve=  98.0%, Time=46s, ETA=28m

Epoch  64/100 [████████████████████████████████░░░░░░░░░░░░░░░░░░]  64.0%
  Loss: Train=0.000722, Val=0.007023, LR=5.25e-05
  Stats: Improve=  98.3%, Time=48s, ETA=27m
  ✅ BEST MODEL SAVED!

Epoch  65/100 [████████████████████████████████░░░░░░░░░░░░░░░░░░]  65.0%
  Loss: Train=0.000713, Val=0.007383, LR=5.11e-05
  Stats: Improve=  98.2%, Time=46s, ETA=27m

Epoch  66/100 [█████████████████████████████████░░░░░░░░░░░░░░░░░]  66.0%
  Loss: Train=0.000727, Val=0.007175, LR=4.96e-05
  Stats: Improve=  98.2%, Time=45s, ETA=26m

Epoch  67/100 [█████████████████████████████████░░░░░░░░░░░░░░░░░]  67.0%
  Loss: Train=0.000735, Val=0.007181, LR=4.81e-05
  Stats: Improve=  98.2%, Time=45s, ETA=25m

Epoch  68/100 [██████████████████████████████████░░░░░░░░░░░░░░░░]  68.0%
  Loss: Train=0.000730, Val=0.009320, LR=4.66e-05
  Stats: Improve=  97.7%, Time=45s, ETA=24m

Epoch  69/100 [██████████████████████████████████░░░░░░░░░░░░░░░░]  69.0%
  Loss: Train=0.000692, Val=0.007551, LR=4.51e-05
  Stats: Improve=  98.2%, Time=45s, ETA=24m

Epoch  70/100 [███████████████████████████████████░░░░░░░░░░░░░░░]  70.0%
  Loss: Train=0.000677, Val=0.007253, LR=4.37e-05
  Stats: Improve=  98.2%, Time=45s, ETA=23m
  💾 Checkpoint saved

Epoch  71/100 [███████████████████████████████████░░░░░░░░░░░░░░░]  71.0%
  Loss: Train=0.000669, Val=0.008465, LR=4.22e-05
  Stats: Improve=  97.9%, Time=45s, ETA=22m

Epoch  72/100 [████████████████████████████████████░░░░░░░░░░░░░░]  72.0%
  Loss: Train=0.000664, Val=0.007286, LR=4.07e-05
  Stats: Improve=  98.2%, Time=45s, ETA=21m

Epoch  73/100 [████████████████████████████████████░░░░░░░░░░░░░░]  73.0%
  Loss: Train=0.000660, Val=0.008226, LR=3.93e-05
  Stats: Improve=  98.0%, Time=45s, ETA=20m

Epoch  74/100 [█████████████████████████████████████░░░░░░░░░░░░░]  74.0%
  Loss: Train=0.000654, Val=0.007125, LR=3.78e-05
  Stats: Improve=  98.3%, Time=45s, ETA=20m

Epoch  75/100 [█████████████████████████████████████░░░░░░░░░░░░░]  75.0%
  Loss: Train=0.000651, Val=0.008295, LR=3.64e-05
  Stats: Improve=  98.0%, Time=45s, ETA=19m

Epoch  76/100 [██████████████████████████████████████░░░░░░░░░░░░]  76.0%
  Loss: Train=0.000644, Val=0.007564, LR=3.50e-05
  Stats: Improve=  98.2%, Time=45s, ETA=18m

Epoch  77/100 [██████████████████████████████████████░░░░░░░░░░░░]  77.0%
  Loss: Train=0.000636, Val=0.009011, LR=3.35e-05
  Stats: Improve=  97.8%, Time=45s, ETA=17m

Epoch  78/100 [███████████████████████████████████████░░░░░░░░░░░]  78.0%
  Loss: Train=0.000630, Val=0.008573, LR=3.21e-05
  Stats: Improve=  97.9%, Time=45s, ETA=16m

Epoch  79/100 [███████████████████████████████████████░░░░░░░░░░░]  79.0%
  Loss: Train=0.000627, Val=0.007512, LR=3.08e-05
  Stats: Improve=  98.2%, Time=45s, ETA=16m

Epoch  80/100 [████████████████████████████████████████░░░░░░░░░░]  80.0%
  Loss: Train=0.000624, Val=0.007685, LR=2.94e-05
  Stats: Improve=  98.1%, Time=45s, ETA=15m
  💾 Checkpoint saved

Epoch  81/100 [████████████████████████████████████████░░░░░░░░░░]  81.0%
  Loss: Train=0.000620, Val=0.007298, LR=2.80e-05
  Stats: Improve=  98.2%, Time=46s, ETA=14m

Epoch  82/100 [█████████████████████████████████████████░░░░░░░░░]  82.0%
  Loss: Train=0.000615, Val=0.008594, LR=2.67e-05
  Stats: Improve=  97.9%, Time=46s, ETA=14m

Epoch  83/100 [█████████████████████████████████████████░░░░░░░░░]  83.0%
  Loss: Train=0.000613, Val=0.007949, LR=2.54e-05
  Stats: Improve=  98.1%, Time=48s, ETA=13m

Epoch  84/100 [██████████████████████████████████████████░░░░░░░░]  84.0%
  Loss: Train=0.000618, Val=0.007537, LR=2.41e-05
  Stats: Improve=  98.2%, Time=51s, ETA=12m

Epoch  85/100 [██████████████████████████████████████████░░░░░░░░]  85.0%
  Loss: Train=0.000610, Val=0.007655, LR=2.29e-05
  Stats: Improve=  98.1%, Time=50s, ETA=12m

Epoch  86/100 [███████████████████████████████████████████░░░░░░░]  86.0%
  Loss: Train=0.000601, Val=0.007382, LR=2.16e-05
  Stats: Improve=  98.2%, Time=49s, ETA=11m

Epoch  87/100 [███████████████████████████████████████████░░░░░░░]  87.0%
  Loss: Train=0.000598, Val=0.007434, LR=2.04e-05
  Stats: Improve=  98.2%, Time=47s, ETA=10m

Epoch  88/100 [████████████████████████████████████████████░░░░░░]  88.0%
  Loss: Train=0.000596, Val=0.007799, LR=1.92e-05
  Stats: Improve=  98.1%, Time=52s, ETA=10m

Epoch  89/100 [████████████████████████████████████████████░░░░░░]  89.0%
  Loss: Train=0.000594, Val=0.008035, LR=1.81e-05
  Stats: Improve=  98.0%, Time=53s, ETA=9m

Epoch  90/100 [█████████████████████████████████████████████░░░░░]  90.0%
  Loss: Train=0.000590, Val=0.008035, LR=1.70e-05
  Stats: Improve=  98.0%, Time=55s, ETA=8m
  💾 Checkpoint saved

Epoch  91/100 [█████████████████████████████████████████████░░░░░]  91.0%
  Loss: Train=0.000588, Val=0.007750, LR=1.59e-05
  Stats: Improve=  98.1%, Time=51s, ETA=8m

Epoch  92/100 [██████████████████████████████████████████████░░░░]  92.0%
  Loss: Train=0.000587, Val=0.007988, LR=1.48e-05
  Stats: Improve=  98.0%, Time=53s, ETA=7m

Epoch  93/100 [██████████████████████████████████████████████░░░░]  93.0%
  Loss: Train=0.000583, Val=0.008080, LR=1.38e-05
  Stats: Improve=  98.0%, Time=53s, ETA=6m

Epoch  94/100 [███████████████████████████████████████████████░░░]  94.0%
  Loss: Train=0.000582, Val=0.008124, LR=1.28e-05
  Stats: Improve=  98.0%, Time=57s, ETA=5m

Epoch  95/100 [███████████████████████████████████████████████░░░]  95.0%
  Loss: Train=0.000580, Val=0.008513, LR=1.18e-05
  Stats: Improve=  97.9%, Time=55s, ETA=4m

Epoch  96/100 [████████████████████████████████████████████████░░]  96.0%
  Loss: Train=0.000578, Val=0.008236, LR=1.09e-05
  Stats: Improve=  98.0%, Time=55s, ETA=4m

Epoch  97/100 [████████████████████████████████████████████████░░]  97.0%
  Loss: Train=0.000576, Val=0.008221, LR=9.99e-06
  Stats: Improve=  98.0%, Time=55s, ETA=3m

Epoch  98/100 [█████████████████████████████████████████████████░]  98.0%
  Loss: Train=0.000575, Val=0.008089, LR=9.14e-06
  Stats: Improve=  98.0%, Time=53s, ETA=2m

Epoch  99/100 [█████████████████████████████████████████████████░]  99.0%
  Loss: Train=0.000573, Val=0.007423, LR=8.33e-06
  Stats: Improve=  98.2%, Time=55s, ETA=1m

Epoch 100/100 [██████████████████████████████████████████████████] 100.0%
  Loss: Train=0.000572, Val=0.007014, LR=7.56e-06
  Stats: Improve=  98.3%, Time=55s, ETA=0m
  ✅ BEST MODEL SAVED!
  💾 Checkpoint saved


================================================================================
✅ TRAINING COMPLETE!
🏆 Best val loss: 0.007014
📈 Total improvement: 98.3%
================================================================================
